<?xml version="1.0" encoding="UTF-8"?>
<testsuite xmlns:xsi="http://www.w3.org/2001/XMLSchema-instance" xsi:noNamespaceSchemaLocation="https://maven.apache.org/surefire/maven-surefire-plugin/xsd/surefire-test-report.xsd" name="AppiumProject.Selenium.AppTest" time="1.639" tests="5" errors="0" skipped="4" failures="1">
  <properties>
    <property name="java.specification.version" value="17"/>
    <property name="sun.jnu.encoding" value="UTF-8"/>
    <property name="java.class.path" value="/Users/prakhar/eclipse-workspace/Selenium/target/test-classes:/Users/prakhar/eclipse-workspace/Selenium/target/classes:/Users/prakhar/.m2/repository/org/seleniumhq/selenium/selenium-java/3.141.0/selenium-java-3.141.0.jar:/Users/prakhar/.m2/repository/org/seleniumhq/selenium/selenium-api/3.141.0/selenium-api-3.141.0.jar:/Users/prakhar/.m2/repository/org/seleniumhq/selenium/selenium-chrome-driver/3.141.0/selenium-chrome-driver-3.141.0.jar:/Users/prakhar/.m2/repository/org/seleniumhq/selenium/selenium-edge-driver/3.141.0/selenium-edge-driver-3.141.0.jar:/Users/prakhar/.m2/repository/org/seleniumhq/selenium/selenium-firefox-driver/3.141.0/selenium-firefox-driver-3.141.0.jar:/Users/prakhar/.m2/repository/org/seleniumhq/selenium/selenium-ie-driver/3.141.0/selenium-ie-driver-3.141.0.jar:/Users/prakhar/.m2/repository/org/seleniumhq/selenium/selenium-opera-driver/3.141.0/selenium-opera-driver-3.141.0.jar:/Users/prakhar/.m2/repository/org/seleniumhq/selenium/selenium-remote-driver/3.141.0/selenium-remote-driver-3.141.0.jar:/Users/prakhar/.m2/repository/org/seleniumhq/selenium/selenium-safari-driver/3.141.0/selenium-safari-driver-3.141.0.jar:/Users/prakhar/.m2/repository/org/seleniumhq/selenium/selenium-support/3.141.0/selenium-support-3.141.0.jar:/Users/prakhar/.m2/repository/net/bytebuddy/byte-buddy/1.8.15/byte-buddy-1.8.15.jar:/Users/prakhar/.m2/repository/org/apache/commons/commons-exec/1.3/commons-exec-1.3.jar:/Users/prakhar/.m2/repository/com/google/guava/guava/25.0-jre/guava-25.0-jre.jar:/Users/prakhar/.m2/repository/com/google/code/findbugs/jsr305/1.3.9/jsr305-1.3.9.jar:/Users/prakhar/.m2/repository/org/checkerframework/checker-compat-qual/2.0.0/checker-compat-qual-2.0.0.jar:/Users/prakhar/.m2/repository/com/google/errorprone/error_prone_annotations/2.1.3/error_prone_annotations-2.1.3.jar:/Users/prakhar/.m2/repository/com/google/j2objc/j2objc-annotations/1.1/j2objc-annotations-1.1.jar:/Users/prakhar/.m2/repository/org/codehaus/mojo/animal-sniffer-annotations/1.14/animal-sniffer-annotations-1.14.jar:/Users/prakhar/.m2/repository/com/squareup/okhttp3/okhttp/3.11.0/okhttp-3.11.0.jar:/Users/prakhar/.m2/repository/com/squareup/okio/okio/1.14.0/okio-1.14.0.jar:/Users/prakhar/.m2/repository/org/testng/testng/7.0.0/testng-7.0.0.jar:/Users/prakhar/.m2/repository/com/beust/jcommander/1.72/jcommander-1.72.jar:/Users/prakhar/.m2/repository/io/appium/java-client/7.3.0/java-client-7.3.0.jar:/Users/prakhar/.m2/repository/com/google/code/gson/gson/2.8.5/gson-2.8.5.jar:/Users/prakhar/.m2/repository/org/apache/httpcomponents/httpclient/4.5.9/httpclient-4.5.9.jar:/Users/prakhar/.m2/repository/org/apache/httpcomponents/httpcore/4.4.11/httpcore-4.4.11.jar:/Users/prakhar/.m2/repository/commons-logging/commons-logging/1.2/commons-logging-1.2.jar:/Users/prakhar/.m2/repository/commons-codec/commons-codec/1.11/commons-codec-1.11.jar:/Users/prakhar/.m2/repository/cglib/cglib/3.2.12/cglib-3.2.12.jar:/Users/prakhar/.m2/repository/org/ow2/asm/asm/7.1/asm-7.1.jar:/Users/prakhar/.m2/repository/commons-validator/commons-validator/1.6/commons-validator-1.6.jar:/Users/prakhar/.m2/repository/commons-beanutils/commons-beanutils/1.9.2/commons-beanutils-1.9.2.jar:/Users/prakhar/.m2/repository/commons-digester/commons-digester/1.8.1/commons-digester-1.8.1.jar:/Users/prakhar/.m2/repository/commons-collections/commons-collections/3.2.2/commons-collections-3.2.2.jar:/Users/prakhar/.m2/repository/org/apache/commons/commons-lang3/3.9/commons-lang3-3.9.jar:/Users/prakhar/.m2/repository/commons-io/commons-io/2.6/commons-io-2.6.jar:/Users/prakhar/.m2/repository/org/springframework/spring-context/5.1.8.RELEASE/spring-context-5.1.8.RELEASE.jar:/Users/prakhar/.m2/repository/org/springframework/spring-aop/5.1.8.RELEASE/spring-aop-5.1.8.RELEASE.jar:/Users/prakhar/.m2/repository/org/springframework/spring-beans/5.1.8.RELEASE/spring-beans-5.1.8.RELEASE.jar:/Users/prakhar/.m2/repository/org/springframework/spring-core/5.1.8.RELEASE/spring-core-5.1.8.RELEASE.jar:/Users/prakhar/.m2/repository/org/springframework/spring-jcl/5.1.8.RELEASE/spring-jcl-5.1.8.RELEASE.jar:/Users/prakhar/.m2/repository/org/springframework/spring-expression/5.1.8.RELEASE/spring-expression-5.1.8.RELEASE.jar:/Users/prakhar/.m2/repository/org/aspectj/aspectjweaver/1.9.4/aspectjweaver-1.9.4.jar:/Users/prakhar/.m2/repository/org/slf4j/slf4j-api/1.7.26/slf4j-api-1.7.26.jar:"/>
    <property name="java.vm.vendor" value="Eclipse Adoptium"/>
    <property name="sun.arch.data.model" value="64"/>
    <property name="java.vendor.url" value="https://adoptium.net/"/>
    <property name="os.name" value="Mac OS X"/>
    <property name="java.vm.specification.version" value="17"/>
    <property name="sun.java.launcher" value="SUN_STANDARD"/>
    <property name="user.country" value="IN"/>
    <property name="sun.boot.library.path" value="/Applications/Eclipse.app/Contents/Eclipse/plugins/org.eclipse.justj.openjdk.hotspot.jre.full.macosx.x86_64_17.0.3.v20220515-1416/jre/lib"/>
    <property name="sun.java.command" value="/Users/prakhar/eclipse-workspace/Selenium/target/surefire/surefirebooter13831309848769607403.jar /Users/prakhar/eclipse-workspace/Selenium/target/surefire 2023-01-31T15-56-16_187-jvmRun1 surefire17219201354287107261tmp surefire_0971032288394045503tmp"/>
    <property name="http.nonProxyHosts" value="local|*.local|169.254/16|*.169.254/16"/>
    <property name="jdk.debug" value="release"/>
    <property name="surefire.test.class.path" value="/Users/prakhar/eclipse-workspace/Selenium/target/test-classes:/Users/prakhar/eclipse-workspace/Selenium/target/classes:/Users/prakhar/.m2/repository/org/seleniumhq/selenium/selenium-java/3.141.0/selenium-java-3.141.0.jar:/Users/prakhar/.m2/repository/org/seleniumhq/selenium/selenium-api/3.141.0/selenium-api-3.141.0.jar:/Users/prakhar/.m2/repository/org/seleniumhq/selenium/selenium-chrome-driver/3.141.0/selenium-chrome-driver-3.141.0.jar:/Users/prakhar/.m2/repository/org/seleniumhq/selenium/selenium-edge-driver/3.141.0/selenium-edge-driver-3.141.0.jar:/Users/prakhar/.m2/repository/org/seleniumhq/selenium/selenium-firefox-driver/3.141.0/selenium-firefox-driver-3.141.0.jar:/Users/prakhar/.m2/repository/org/seleniumhq/selenium/selenium-ie-driver/3.141.0/selenium-ie-driver-3.141.0.jar:/Users/prakhar/.m2/repository/org/seleniumhq/selenium/selenium-opera-driver/3.141.0/selenium-opera-driver-3.141.0.jar:/Users/prakhar/.m2/repository/org/seleniumhq/selenium/selenium-remote-driver/3.141.0/selenium-remote-driver-3.141.0.jar:/Users/prakhar/.m2/repository/org/seleniumhq/selenium/selenium-safari-driver/3.141.0/selenium-safari-driver-3.141.0.jar:/Users/prakhar/.m2/repository/org/seleniumhq/selenium/selenium-support/3.141.0/selenium-support-3.141.0.jar:/Users/prakhar/.m2/repository/net/bytebuddy/byte-buddy/1.8.15/byte-buddy-1.8.15.jar:/Users/prakhar/.m2/repository/org/apache/commons/commons-exec/1.3/commons-exec-1.3.jar:/Users/prakhar/.m2/repository/com/google/guava/guava/25.0-jre/guava-25.0-jre.jar:/Users/prakhar/.m2/repository/com/google/code/findbugs/jsr305/1.3.9/jsr305-1.3.9.jar:/Users/prakhar/.m2/repository/org/checkerframework/checker-compat-qual/2.0.0/checker-compat-qual-2.0.0.jar:/Users/prakhar/.m2/repository/com/google/errorprone/error_prone_annotations/2.1.3/error_prone_annotations-2.1.3.jar:/Users/prakhar/.m2/repository/com/google/j2objc/j2objc-annotations/1.1/j2objc-annotations-1.1.jar:/Users/prakhar/.m2/repository/org/codehaus/mojo/animal-sniffer-annotations/1.14/animal-sniffer-annotations-1.14.jar:/Users/prakhar/.m2/repository/com/squareup/okhttp3/okhttp/3.11.0/okhttp-3.11.0.jar:/Users/prakhar/.m2/repository/com/squareup/okio/okio/1.14.0/okio-1.14.0.jar:/Users/prakhar/.m2/repository/org/testng/testng/7.0.0/testng-7.0.0.jar:/Users/prakhar/.m2/repository/com/beust/jcommander/1.72/jcommander-1.72.jar:/Users/prakhar/.m2/repository/io/appium/java-client/7.3.0/java-client-7.3.0.jar:/Users/prakhar/.m2/repository/com/google/code/gson/gson/2.8.5/gson-2.8.5.jar:/Users/prakhar/.m2/repository/org/apache/httpcomponents/httpclient/4.5.9/httpclient-4.5.9.jar:/Users/prakhar/.m2/repository/org/apache/httpcomponents/httpcore/4.4.11/httpcore-4.4.11.jar:/Users/prakhar/.m2/repository/commons-logging/commons-logging/1.2/commons-logging-1.2.jar:/Users/prakhar/.m2/repository/commons-codec/commons-codec/1.11/commons-codec-1.11.jar:/Users/prakhar/.m2/repository/cglib/cglib/3.2.12/cglib-3.2.12.jar:/Users/prakhar/.m2/repository/org/ow2/asm/asm/7.1/asm-7.1.jar:/Users/prakhar/.m2/repository/commons-validator/commons-validator/1.6/commons-validator-1.6.jar:/Users/prakhar/.m2/repository/commons-beanutils/commons-beanutils/1.9.2/commons-beanutils-1.9.2.jar:/Users/prakhar/.m2/repository/commons-digester/commons-digester/1.8.1/commons-digester-1.8.1.jar:/Users/prakhar/.m2/repository/commons-collections/commons-collections/3.2.2/commons-collections-3.2.2.jar:/Users/prakhar/.m2/repository/org/apache/commons/commons-lang3/3.9/commons-lang3-3.9.jar:/Users/prakhar/.m2/repository/commons-io/commons-io/2.6/commons-io-2.6.jar:/Users/prakhar/.m2/repository/org/springframework/spring-context/5.1.8.RELEASE/spring-context-5.1.8.RELEASE.jar:/Users/prakhar/.m2/repository/org/springframework/spring-aop/5.1.8.RELEASE/spring-aop-5.1.8.RELEASE.jar:/Users/prakhar/.m2/repository/org/springframework/spring-beans/5.1.8.RELEASE/spring-beans-5.1.8.RELEASE.jar:/Users/prakhar/.m2/repository/org/springframework/spring-core/5.1.8.RELEASE/spring-core-5.1.8.RELEASE.jar:/Users/prakhar/.m2/repository/org/springframework/spring-jcl/5.1.8.RELEASE/spring-jcl-5.1.8.RELEASE.jar:/Users/prakhar/.m2/repository/org/springframework/spring-expression/5.1.8.RELEASE/spring-expression-5.1.8.RELEASE.jar:/Users/prakhar/.m2/repository/org/aspectj/aspectjweaver/1.9.4/aspectjweaver-1.9.4.jar:/Users/prakhar/.m2/repository/org/slf4j/slf4j-api/1.7.26/slf4j-api-1.7.26.jar:"/>
    <property name="sun.cpu.endian" value="little"/>
    <property name="user.home" value="/Users/prakhar"/>
    <property name="user.language" value="en"/>
    <property name="java.specification.vendor" value="Oracle Corporation"/>
    <property name="java.version.date" value="2022-04-19"/>
    <property name="java.home" value="/Applications/Eclipse.app/Contents/Eclipse/plugins/org.eclipse.justj.openjdk.hotspot.jre.full.macosx.x86_64_17.0.3.v20220515-1416/jre"/>
    <property name="file.separator" value="/"/>
    <property name="basedir" value="/Users/prakhar/eclipse-workspace/Selenium"/>
    <property name="java.vm.compressedOopsMode" value="Zero based"/>
    <property name="line.separator" value="&#10;"/>
    <property name="java.specification.name" value="Java Platform API Specification"/>
    <property name="java.vm.specification.vendor" value="Oracle Corporation"/>
    <property name="surefire.real.class.path" value="/Users/prakhar/eclipse-workspace/Selenium/target/surefire/surefirebooter13831309848769607403.jar"/>
    <property name="sun.management.compiler" value="HotSpot 64-Bit Tiered Compilers"/>
    <property name="ftp.nonProxyHosts" value="local|*.local|169.254/16|*.169.254/16"/>
    <property name="java.runtime.version" value="17.0.3+7"/>
    <property name="user.name" value="prakhar"/>
    <property name="path.separator" value=":"/>
    <property name="os.version" value="12.3"/>
    <property name="java.runtime.name" value="OpenJDK Runtime Environment"/>
    <property name="file.encoding" value="UTF-8"/>
    <property name="java.vm.name" value="OpenJDK 64-Bit Server VM"/>
    <property name="java.vendor.version" value="Temurin-17.0.3+7"/>
    <property name="localRepository" value="/Users/prakhar/.m2/repository"/>
    <property name="java.vendor.url.bug" value="https://github.com/adoptium/adoptium-support/issues"/>
    <property name="java.io.tmpdir" value="/var/folders/4n/7h4zxqcn4wn3cjmrt5vyfn680000gn/T/"/>
    <property name="java.version" value="17.0.3"/>
    <property name="user.dir" value="/Users/prakhar/eclipse-workspace/Selenium"/>
    <property name="os.arch" value="x86_64"/>
    <property name="java.vm.specification.name" value="Java Virtual Machine Specification"/>
    <property name="native.encoding" value="UTF-8"/>
    <property name="java.library.path" value="/Users/prakhar/Library/Java/Extensions:/Library/Java/Extensions:/Network/Library/Java/Extensions:/System/Library/Java/Extensions:/usr/lib/java:."/>
    <property name="java.vm.info" value="mixed mode"/>
    <property name="java.vendor" value="Eclipse Adoptium"/>
    <property name="java.vm.version" value="17.0.3+7"/>
    <property name="sun.io.unicode.encoding" value="UnicodeBig"/>
    <property name="socksNonProxyHosts" value="local|*.local|169.254/16|*.169.254/16"/>
    <property name="java.class.version" value="61.0"/>
  </properties>
  <testcase name="setUp" classname="AppiumProject.Selenium.AppTest" time="1.359">
    <failure message="Connection refused&#10;Build info: version: &apos;3.141.0&apos;, revision: &apos;2ecb7d9a&apos;, time: &apos;2018-10-31T20:09:30&apos;&#10;System info: host: &apos;Prakhars-MacBook-Air.local&apos;, ip: &apos;2406:3003:2004:28ef:c5e1:b52c:1886:9fae%en0&apos;, os.name: &apos;Mac OS X&apos;, os.arch: &apos;x86_64&apos;, os.version: &apos;12.3&apos;, java.version: &apos;17.0.3&apos;&#10;Driver info: driver.version: AndroidDriver" type="org.openqa.selenium.WebDriverException">org.openqa.selenium.WebDriverException: 
Connection refused
Build info: version: '3.141.0', revision: '2ecb7d9a', time: '2018-10-31T20:09:30'
System info: host: 'Prakhars-MacBook-Air.local', ip: '2406:3003:2004:28ef:c5e1:b52c:1886:9fae%en0', os.name: 'Mac OS X', os.arch: 'x86_64', os.version: '12.3', java.version: '17.0.3'
Driver info: driver.version: AndroidDriver
	at AppiumProject.Selenium.AppTest.setUp(AppTest.java:37)
Caused by: java.net.ConnectException: Connection refused
	at AppiumProject.Selenium.AppTest.setUp(AppTest.java:37)
</failure>
  </testcase>
  <testcase name="setUp" classname="AppiumProject.Selenium.AppTest" time="0">
    <skipped/>
  </testcase>
  <testcase name="test" classname="AppiumProject.Selenium.AppTest" time="0">
    <skipped message="Connection refused&#10;Build info: version: &apos;3.141.0&apos;, revision: &apos;2ecb7d9a&apos;, time: &apos;2018-10-31T20:09:30&apos;&#10;System info: host: &apos;Prakhars-MacBook-Air.local&apos;, ip: &apos;2406:3003:2004:28ef:c5e1:b52c:1886:9fae%en0&apos;, os.name: &apos;Mac OS X&apos;, os.arch: &apos;x86_64&apos;, os.version: &apos;12.3&apos;, java.version: &apos;17.0.3&apos;&#10;Driver info: driver.version: AndroidDriver"/>
  </testcase>
  <testcase name="tearDown" classname="AppiumProject.Selenium.AppTest" time="0">
    <skipped/>
  </testcase>
  <testcase name="tearDown" classname="AppiumProject.Selenium.AppTest" time="0">
    <skipped/>
  </testcase>
</testsuite>