<?xml version="1.0" encoding="UTF-8"?>
<!-- Generated by org.testng.reporters.JUnitReportReporter -->
<testsuite hostname="Prakhars-MacBook-Air.local" failures="0" tests="1" name="AppiumProject.Selenium.AppTest" time="19.645" errors="0" timestamp="2023-02-01T20:13:57 SGT" skipped="0">
  <testcase classname="AppiumProject.Selenium.AppTest" name="test" time="19.645"/>
</testsuite> <!-- AppiumProject.Selenium.AppTest -->
